<?xml version="1.0" encoding="UTF-8"?>
<testsuite hostname="Harmanjeet" failures="22" tests="22" name="Capstone.DropDown_HomePage_Page" time="2.775" errors="0" timestamp="16 Jul 2021 20:27:00 GMT">
  <testcase classname="Capstone.Login_Home_Page" name="Login" time="2.47">
    <failure type="org.openqa.selenium.SessionNotCreatedException" message="session not created: This version of ChromeDriver only supports Chrome version 89
Current browser version is 91.0.4472.124 with binary path C:\Program Files (x86)\Google\Chrome\Application\chrome.exe
Build info: version: &amp;apos;3.6.0&amp;apos;, revision: &amp;apos;6fbf3ec767&amp;apos;, time: &amp;apos;2017-09-27T15:28:36.4Z&amp;apos;
System info: host: &amp;apos;HARMANJEET&amp;apos;, ip: &amp;apos;192.168.183.1&amp;apos;, os.name: &amp;apos;Windows 8.1&amp;apos;, os.arch: &amp;apos;amd64&amp;apos;, os.version: &amp;apos;6.3&amp;apos;, java.version: &amp;apos;14.0.2&amp;apos;
Driver info: driver.version: ChromeDriver
remote stacktrace: Backtrace:
	Ordinal0 [0x010FE7D3+124883]
	Ordinal0 [0x010FE7B1+124849]
	GetHandleVerifier [0x01348688+193832]
	GetHandleVerifier [0x01363AC5+305509]
	GetHandleVerifier [0x0136021B+291003]
	GetHandleVerifier [0x0135E0AC+282444]
	GetHandleVerifier [0x01384A90+440624]
	GetHandleVerifier [0x013847FC+439964]
	GetHandleVerifier [0x0138154B+426987]
	GetHandleVerifier [0x01364FFD+310941]
	GetHandleVerifier [0x01365D8E+314414]
	GetHandleVerifier [0x01365D19+314297]
	GetHandleVerifier [0x014231EC+1089676]
	GetHandleVerifier [0x014217C9+1082985]
	GetHandleVerifier [0x014213A3+1081923]
	GetHandleVerifier [0x0151D9FD+2115741]
	Ordinal0 [0x0124B82E+1488942]
	Ordinal0 [0x011E5A7D+1071741]
	Ordinal0 [0x011E559B+1070491]
	Ordinal0 [0x011E54B1+1070257]
	Ordinal0 [0x0121FF53+1310547]
	BaseThreadInitThunk [0x774D919F+14]
	RtlInitializeExceptionChain [0x7793A22B+132]
	RtlInitializeExceptionChain [0x7793A201+90]
">
      <![CDATA[org.openqa.selenium.SessionNotCreatedException: session not created: This version of ChromeDriver only supports Chrome version 89
Current browser version is 91.0.4472.124 with binary path C:\Program Files (x86)\Google\Chrome\Application\chrome.exe
Build info: version: '3.6.0', revision: '6fbf3ec767', time: '2017-09-27T15:28:36.4Z'
System info: host: 'HARMANJEET', ip: '192.168.183.1', os.name: 'Windows 8.1', os.arch: 'amd64', os.version: '6.3', java.version: '14.0.2'
Driver info: driver.version: ChromeDriver
remote stacktrace: Backtrace:
	Ordinal0 [0x010FE7D3+124883]
	Ordinal0 [0x010FE7B1+124849]
	GetHandleVerifier [0x01348688+193832]
	GetHandleVerifier [0x01363AC5+305509]
	GetHandleVerifier [0x0136021B+291003]
	GetHandleVerifier [0x0135E0AC+282444]
	GetHandleVerifier [0x01384A90+440624]
	GetHandleVerifier [0x013847FC+439964]
	GetHandleVerifier [0x0138154B+426987]
	GetHandleVerifier [0x01364FFD+310941]
	GetHandleVerifier [0x01365D8E+314414]
	GetHandleVerifier [0x01365D19+314297]
	GetHandleVerifier [0x014231EC+1089676]
	GetHandleVerifier [0x014217C9+1082985]
	GetHandleVerifier [0x014213A3+1081923]
	GetHandleVerifier [0x0151D9FD+2115741]
	Ordinal0 [0x0124B82E+1488942]
	Ordinal0 [0x011E5A7D+1071741]
	Ordinal0 [0x011E559B+1070491]
	Ordinal0 [0x011E54B1+1070257]
	Ordinal0 [0x0121FF53+1310547]
	BaseThreadInitThunk [0x774D919F+14]
	RtlInitializeExceptionChain [0x7793A22B+132]
	RtlInitializeExceptionChain [0x7793A201+90]

	at org.openqa.selenium.remote.W3CHandshakeResponse.lambda$new$0(W3CHandshakeResponse.java:57)
	at org.openqa.selenium.remote.W3CHandshakeResponse.lambda$getResponseFunction$2(W3CHandshakeResponse.java:104)
	at org.openqa.selenium.remote.ProtocolHandshake.lambda$createSession$24(ProtocolHandshake.java:359)
	at java.base/java.util.stream.ReferencePipeline$3$1.accept(ReferencePipeline.java:195)
	at java.base/java.util.Spliterators$ArraySpliterator.tryAdvance(Spliterators.java:958)
	at java.base/java.util.stream.ReferencePipeline.forEachWithCancel(ReferencePipeline.java:127)
	at java.base/java.util.stream.AbstractPipeline.copyIntoWithCancel(AbstractPipeline.java:502)
	at java.base/java.util.stream.AbstractPipeline.copyInto(AbstractPipeline.java:488)
	at java.base/java.util.stream.AbstractPipeline.wrapAndCopyInto(AbstractPipeline.java:474)
	at java.base/java.util.stream.FindOps$FindOp.evaluateSequential(FindOps.java:150)
	at java.base/java.util.stream.AbstractPipeline.evaluate(AbstractPipeline.java:234)
	at java.base/java.util.stream.ReferencePipeline.findFirst(ReferencePipeline.java:543)
	at org.openqa.selenium.remote.ProtocolHandshake.createSession(ProtocolHandshake.java:362)
	at org.openqa.selenium.remote.ProtocolHandshake.createSession(ProtocolHandshake.java:136)
	at org.openqa.selenium.remote.HttpCommandExecutor.execute(HttpCommandExecutor.java:142)
	at org.openqa.selenium.remote.service.DriverCommandExecutor.execute(DriverCommandExecutor.java:83)
	at org.openqa.selenium.remote.RemoteWebDriver.execute(RemoteWebDriver.java:586)
	at org.openqa.selenium.remote.RemoteWebDriver.startSession(RemoteWebDriver.java:217)
	at org.openqa.selenium.remote.RemoteWebDriver.<init>(RemoteWebDriver.java:140)
	at org.openqa.selenium.chrome.ChromeDriver.<init>(ChromeDriver.java:181)
	at org.openqa.selenium.chrome.ChromeDriver.<init>(ChromeDriver.java:168)
	at org.openqa.selenium.chrome.ChromeDriver.<init>(ChromeDriver.java:123)
	at Base.BaseHelper.startApp(BaseHelper.java:22)
	at Capstone.Login_Home_Page.Login(Login_Home_Page.java:23)
... Removed 30 stack frames]]>
    </failure>
  </testcase>
  <testcase classname="Capstone.Login_Home_Page" name="HomePageVerifyTitle" time="0.004">
    <failure type="java.lang.NullPointerException" message="Cannot invoke &amp;quot;org.openqa.selenium.WebDriver.getTitle()&amp;quot; because &amp;quot;Capstone.Login_Home_Page.driver&amp;quot; is null">
      <![CDATA[java.lang.NullPointerException: Cannot invoke "org.openqa.selenium.WebDriver.getTitle()" because "Capstone.Login_Home_Page.driver" is null
	at Capstone.Login_Home_Page.HomePageVerifyTitle(Login_Home_Page.java:31)
... Removed 25 stack frames]]>
    </failure>
  </testcase>
  <testcase classname="Capstone.Login_Home_Page" name="HomePageVerifyLogo" time="0.018">
    <failure type="java.lang.NullPointerException" message="Cannot invoke &amp;quot;org.openqa.selenium.WebDriver.findElement(org.openqa.selenium.By)&amp;quot; because &amp;quot;Capstone.Login_Home_Page.driver&amp;quot; is null">
      <![CDATA[java.lang.NullPointerException: Cannot invoke "org.openqa.selenium.WebDriver.findElement(org.openqa.selenium.By)" because "Capstone.Login_Home_Page.driver" is null
	at Capstone.Login_Home_Page.HomePageVerifyLogo(Login_Home_Page.java:43)
... Removed 25 stack frames]]>
    </failure>
  </testcase>
  <testcase classname="Capstone.Login_Home_Page" name="HomePageDropDownsCount" time="0.015">
    <failure type="java.lang.NullPointerException" message="Cannot invoke &amp;quot;org.openqa.selenium.WebDriver.findElements(org.openqa.selenium.By)&amp;quot; because &amp;quot;Capstone.Login_Home_Page.driver&amp;quot; is null">
      <![CDATA[java.lang.NullPointerException: Cannot invoke "org.openqa.selenium.WebDriver.findElements(org.openqa.selenium.By)" because "Capstone.Login_Home_Page.driver" is null
	at Capstone.Login_Home_Page.HomePageDropDownsCount(Login_Home_Page.java:51)
... Removed 25 stack frames]]>
    </failure>
  </testcase>
  <testcase classname="Capstone.Login_Home_Page" name="HomePageDropDownsName" time="0.006">
    <failure type="java.lang.NullPointerException" message="Cannot invoke &amp;quot;org.openqa.selenium.WebDriver.findElements(org.openqa.selenium.By)&amp;quot; because &amp;quot;Capstone.Login_Home_Page.driver&amp;quot; is null">
      <![CDATA[java.lang.NullPointerException: Cannot invoke "org.openqa.selenium.WebDriver.findElements(org.openqa.selenium.By)" because "Capstone.Login_Home_Page.driver" is null
	at Capstone.Login_Home_Page.HomePageDropDownsName(Login_Home_Page.java:60)
... Removed 25 stack frames]]>
    </failure>
  </testcase>
  <testcase classname="Capstone.Login_Home_Page" name="VerifyVisitTagHomePagePresence" time="0.009">
    <failure type="java.lang.NullPointerException" message="Cannot invoke &amp;quot;org.openqa.selenium.WebDriver.findElement(org.openqa.selenium.By)&amp;quot; because &amp;quot;Capstone.Login_Home_Page.driver&amp;quot; is null">
      <![CDATA[java.lang.NullPointerException: Cannot invoke "org.openqa.selenium.WebDriver.findElement(org.openqa.selenium.By)" because "Capstone.Login_Home_Page.driver" is null
	at Capstone.Login_Home_Page.VerifyVisitTagHomePagePresence(Login_Home_Page.java:76)
... Removed 25 stack frames]]>
    </failure>
  </testcase>
  <testcase classname="Capstone.Login_Home_Page" name="VerifyVisitTagHomePageName" time="0.012">
    <failure type="java.lang.NullPointerException" message="Cannot invoke &amp;quot;org.openqa.selenium.WebDriver.findElement(org.openqa.selenium.By)&amp;quot; because &amp;quot;Capstone.Login_Home_Page.driver&amp;quot; is null">
      <![CDATA[java.lang.NullPointerException: Cannot invoke "org.openqa.selenium.WebDriver.findElement(org.openqa.selenium.By)" because "Capstone.Login_Home_Page.driver" is null
	at Capstone.Login_Home_Page.VerifyVisitTagHomePageName(Login_Home_Page.java:84)
... Removed 25 stack frames]]>
    </failure>
  </testcase>
  <testcase classname="Capstone.Login_Home_Page" name="VerifyMyLambtonHomePagePresence" time="0.003">
    <failure type="java.lang.NullPointerException" message="Cannot invoke &amp;quot;org.openqa.selenium.WebDriver.findElement(org.openqa.selenium.By)&amp;quot; because &amp;quot;Capstone.Login_Home_Page.driver&amp;quot; is null">
      <![CDATA[java.lang.NullPointerException: Cannot invoke "org.openqa.selenium.WebDriver.findElement(org.openqa.selenium.By)" because "Capstone.Login_Home_Page.driver" is null
	at Capstone.Login_Home_Page.VerifyMyLambtonHomePagePresence(Login_Home_Page.java:93)
... Removed 25 stack frames]]>
    </failure>
  </testcase>
  <testcase classname="Capstone.Login_Home_Page" name="VerifyMyLambtonTagHomePageName" time="0.003">
    <failure type="java.lang.NullPointerException" message="Cannot invoke &amp;quot;org.openqa.selenium.WebDriver.findElement(org.openqa.selenium.By)&amp;quot; because &amp;quot;Capstone.Login_Home_Page.driver&amp;quot; is null">
      <![CDATA[java.lang.NullPointerException: Cannot invoke "org.openqa.selenium.WebDriver.findElement(org.openqa.selenium.By)" because "Capstone.Login_Home_Page.driver" is null
	at Capstone.Login_Home_Page.VerifyMyLambtonTagHomePageName(Login_Home_Page.java:101)
... Removed 25 stack frames]]>
    </failure>
  </testcase>
  <testcase classname="Capstone.Login_Home_Page" name="VerifySearchBarHomePagePresence" time="0.004">
    <failure type="java.lang.NullPointerException" message="Cannot invoke &amp;quot;org.openqa.selenium.WebDriver.findElement(org.openqa.selenium.By)&amp;quot; because &amp;quot;Capstone.Login_Home_Page.driver&amp;quot; is null">
      <![CDATA[java.lang.NullPointerException: Cannot invoke "org.openqa.selenium.WebDriver.findElement(org.openqa.selenium.By)" because "Capstone.Login_Home_Page.driver" is null
	at Capstone.Login_Home_Page.VerifySearchBarHomePagePresence(Login_Home_Page.java:110)
... Removed 25 stack frames]]>
    </failure>
  </testcase>
  <testcase classname="Capstone.Login_Home_Page" name="VerifySearchButtonHomePagePresence" time="0.002">
    <failure type="java.lang.NullPointerException" message="Cannot invoke &amp;quot;org.openqa.selenium.WebDriver.findElement(org.openqa.selenium.By)&amp;quot; because &amp;quot;Capstone.Login_Home_Page.driver&amp;quot; is null">
      <![CDATA[java.lang.NullPointerException: Cannot invoke "org.openqa.selenium.WebDriver.findElement(org.openqa.selenium.By)" because "Capstone.Login_Home_Page.driver" is null
	at Capstone.Login_Home_Page.VerifySearchButtonHomePagePresence(Login_Home_Page.java:119)
... Removed 25 stack frames]]>
    </failure>
  </testcase>
  <testcase classname="Capstone.DropDown_HomePage_Page" name="VerifyFutureStudentDropDownMenu" time="0.004">
    <failure type="java.lang.NullPointerException" message="Cannot invoke &amp;quot;org.openqa.selenium.WebDriver.findElement(org.openqa.selenium.By)&amp;quot; because &amp;quot;Capstone.DropDown_HomePage_Page.driver&amp;quot; is null">
      <![CDATA[java.lang.NullPointerException: Cannot invoke "org.openqa.selenium.WebDriver.findElement(org.openqa.selenium.By)" because "Capstone.DropDown_HomePage_Page.driver" is null
	at Capstone.DropDown_HomePage_Page.mouseOver(DropDown_HomePage_Page.java:66)
	at Capstone.DropDown_HomePage_Page.VerifyFutureStudentDropDownMenu(DropDown_HomePage_Page.java:22)
... Removed 25 stack frames]]>
    </failure>
  </testcase>
  <testcase classname="Capstone.DropDown_HomePage_Page" name="VerifyAboutUsDropDownMenu" time="0.007">
    <failure type="java.lang.NullPointerException" message="Cannot invoke &amp;quot;org.openqa.selenium.WebDriver.findElement(org.openqa.selenium.By)&amp;quot; because &amp;quot;Capstone.DropDown_HomePage_Page.driver&amp;quot; is null">
      <![CDATA[java.lang.NullPointerException: Cannot invoke "org.openqa.selenium.WebDriver.findElement(org.openqa.selenium.By)" because "Capstone.DropDown_HomePage_Page.driver" is null
	at Capstone.DropDown_HomePage_Page.mouseOver(DropDown_HomePage_Page.java:66)
	at Capstone.DropDown_HomePage_Page.VerifyAboutUsDropDownMenu(DropDown_HomePage_Page.java:31)
... Removed 25 stack frames]]>
    </failure>
  </testcase>
  <testcase classname="Capstone.DropDown_HomePage_Page" name="VerifyProgramsDownMenu" time="0.009">
    <failure type="java.lang.NullPointerException" message="Cannot invoke &amp;quot;org.openqa.selenium.WebDriver.findElement(org.openqa.selenium.By)&amp;quot; because &amp;quot;Capstone.DropDown_HomePage_Page.driver&amp;quot; is null">
      <![CDATA[java.lang.NullPointerException: Cannot invoke "org.openqa.selenium.WebDriver.findElement(org.openqa.selenium.By)" because "Capstone.DropDown_HomePage_Page.driver" is null
	at Capstone.DropDown_HomePage_Page.mouseOver(DropDown_HomePage_Page.java:66)
	at Capstone.DropDown_HomePage_Page.VerifyProgramsDownMenu(DropDown_HomePage_Page.java:40)
... Removed 25 stack frames]]>
    </failure>
  </testcase>
  <testcase classname="Capstone.DropDown_HomePage_Page" name="VerifyAllServicesDownMenu" time="0.001">
    <failure type="java.lang.NullPointerException" message="Cannot invoke &amp;quot;org.openqa.selenium.WebDriver.findElement(org.openqa.selenium.By)&amp;quot; because &amp;quot;Capstone.DropDown_HomePage_Page.driver&amp;quot; is null">
      <![CDATA[java.lang.NullPointerException: Cannot invoke "org.openqa.selenium.WebDriver.findElement(org.openqa.selenium.By)" because "Capstone.DropDown_HomePage_Page.driver" is null
	at Capstone.DropDown_HomePage_Page.mouseOver(DropDown_HomePage_Page.java:66)
	at Capstone.DropDown_HomePage_Page.VerifyAllServicesDownMenu(DropDown_HomePage_Page.java:48)
... Removed 25 stack frames]]>
    </failure>
  </testcase>
  <testcase classname="Capstone.DropDown_HomePage_Page" name="VerifyAddmissionsDownMenu" time="0.002">
    <failure type="java.lang.NullPointerException" message="Cannot invoke &amp;quot;org.openqa.selenium.WebDriver.findElement(org.openqa.selenium.By)&amp;quot; because &amp;quot;Capstone.DropDown_HomePage_Page.driver&amp;quot; is null">
      <![CDATA[java.lang.NullPointerException: Cannot invoke "org.openqa.selenium.WebDriver.findElement(org.openqa.selenium.By)" because "Capstone.DropDown_HomePage_Page.driver" is null
	at Capstone.DropDown_HomePage_Page.mouseOver(DropDown_HomePage_Page.java:66)
	at Capstone.DropDown_HomePage_Page.VerifyAddmissionsDownMenu(DropDown_HomePage_Page.java:55)
... Removed 25 stack frames]]>
    </failure>
  </testcase>
  <testcase classname="Capstone.DropDown_HomePage_Page" name="VerifyContactsDownMenu" time="0.009">
    <failure type="java.lang.NullPointerException" message="Cannot invoke &amp;quot;org.openqa.selenium.WebDriver.findElement(org.openqa.selenium.By)&amp;quot; because &amp;quot;Capstone.DropDown_HomePage_Page.driver&amp;quot; is null">
      <![CDATA[java.lang.NullPointerException: Cannot invoke "org.openqa.selenium.WebDriver.findElement(org.openqa.selenium.By)" because "Capstone.DropDown_HomePage_Page.driver" is null
	at Capstone.DropDown_HomePage_Page.mouseOver(DropDown_HomePage_Page.java:66)
	at Capstone.DropDown_HomePage_Page.VerifyContactsDownMenu(DropDown_HomePage_Page.java:61)
... Removed 25 stack frames]]>
    </failure>
  </testcase>
  <testcase classname="Capstone.ScrollDown_Page" name="scroll" time="0.003">
    <failure type="java.lang.NullPointerException" message="Cannot invoke &amp;quot;org.openqa.selenium.JavascriptExecutor.executeScript(String, Object[])&amp;quot; because &amp;quot;js&amp;quot; is null">
      <![CDATA[java.lang.NullPointerException: Cannot invoke "org.openqa.selenium.JavascriptExecutor.executeScript(String, Object[])" because "js" is null
	at Capstone.ScrollDown_Page.scroll(ScrollDown_Page.java:23)
... Removed 25 stack frames]]>
    </failure>
  </testcase>
  <testcase classname="Capstone.ScrollDown_Page" name="All_Program" time="0.011">
    <failure type="java.lang.NullPointerException" message="Cannot invoke &amp;quot;org.openqa.selenium.WebDriver.findElement(org.openqa.selenium.By)&amp;quot; because &amp;quot;Capstone.ScrollDown_Page.driver&amp;quot; is null">
      <![CDATA[java.lang.NullPointerException: Cannot invoke "org.openqa.selenium.WebDriver.findElement(org.openqa.selenium.By)" because "Capstone.ScrollDown_Page.driver" is null
	at Capstone.ScrollDown_Page.All_Program(ScrollDown_Page.java:34)
... Removed 25 stack frames]]>
    </failure>
  </testcase>
  <testcase classname="Capstone.ScrollDown_Page" name="Program_categories" time="0.011">
    <failure type="java.lang.NullPointerException" message="Cannot invoke &amp;quot;org.openqa.selenium.WebDriver.findElement(org.openqa.selenium.By)&amp;quot; because &amp;quot;Capstone.ScrollDown_Page.driver&amp;quot; is null">
      <![CDATA[java.lang.NullPointerException: Cannot invoke "org.openqa.selenium.WebDriver.findElement(org.openqa.selenium.By)" because "Capstone.ScrollDown_Page.driver" is null
	at Capstone.ScrollDown_Page.Program_categories(ScrollDown_Page.java:42)
... Removed 25 stack frames]]>
    </failure>
  </testcase>
  <testcase classname="Capstone.ScrollDown_Page" name="Program_categories_click" time="0.002">
    <failure type="java.lang.NullPointerException" message="Cannot invoke &amp;quot;org.openqa.selenium.WebDriver.findElement(org.openqa.selenium.By)&amp;quot; because &amp;quot;Capstone.ScrollDown_Page.driver&amp;quot; is null">
      <![CDATA[java.lang.NullPointerException: Cannot invoke "org.openqa.selenium.WebDriver.findElement(org.openqa.selenium.By)" because "Capstone.ScrollDown_Page.driver" is null
	at Capstone.ScrollDown_Page.Program_categories_click(ScrollDown_Page.java:50)
... Removed 25 stack frames]]>
    </failure>
  </testcase>
  <testcase classname="Capstone.ScrollDown_Page" name="Program_categories_elements" time="0.007">
    <failure type="java.lang.NullPointerException" message="Cannot invoke &amp;quot;org.openqa.selenium.WebDriver.findElements(org.openqa.selenium.By)&amp;quot; because &amp;quot;Capstone.ScrollDown_Page.driver&amp;quot; is null">
      <![CDATA[java.lang.NullPointerException: Cannot invoke "org.openqa.selenium.WebDriver.findElements(org.openqa.selenium.By)" because "Capstone.ScrollDown_Page.driver" is null
	at Capstone.ScrollDown_Page.Program_categories_elements(ScrollDown_Page.java:60)
... Removed 25 stack frames]]>
    </failure>
  </testcase>
</testsuite>
